#
# A fatal error has been detected by the Java Runtime Environment:
#
#  EXCEPTION_ACCESS_VIOLATION (0xc0000005) at pc=0x0000000051764d08, pid=4260, tid=7948
#
# JRE version: Java(TM) SE Runtime Environment (8.0_31-b13) (build 1.8.0_31-b13)
# Java VM: Java HotSpot(TM) 64-Bit Server VM (25.31-b07 mixed mode windows-amd64 compressed oops)
# Problematic frame:
# V  [jvm.dll+0x104d08]
#
# Failed to write core dump. Minidumps are not enabled by default on client versions of Windows
#
# If you would like to submit a bug report, please visit:
#   http://bugreport.java.com/bugreport/crash.jsp
#

---------------  T H R E A D  ---------------

Current thread (0x0000000001e65000):  GCTaskThread [stack: 0x00000000121a0000,0x00000000122a0000] [id=7948]

siginfo: ExceptionCode=0xc0000005, reading address 0xffffffffffffffff

Registers:
RAX=0x00000000122a0000, RBX=0x0000000000040000, RCX=0x0000000000000000, RDX=0x0000000000000000
RSP=0x000000001229f850, RBP=0x00000000d7aa0e00, RSI=0x00000000170345c0, RDI=0x00000000170345c0
R8 =0x007fffffffbff200, R9 =0x0000000100001ef8, R10=0x000000000000000c, R11=0x0000000051c37d18
R12=0x00000000d7aa0e20, R13=0x0000000100002178, R14=0x0000000100002180, R15=0x00000000d7aa0de0
RIP=0x0000000051764d08, EFLAGS=0x0000000000010246

Top of Stack: (sp=0x000000001229f850)
0x000000001229f850:   0000000100001ef8 00000000d7aa0ef0
0x000000001229f860:   0000000000000002 0000000051764939
0x000000001229f870:   0000000000000000 00000000000003d8
0x000000001229f880:   0000000001e658d8 0000000001e58040
0x000000001229f890:   00000000d7aa0de0 000000005176ab45
0x000000001229f8a0:   00000000d7aa0e40 00000000170345c0
0x000000001229f8b0:   00000000170345c0 0000000001e65500
0x000000001229f8c0:   0000000016f05770 0000000051a370a0
0x000000001229f8d0:   00000000170345c0 0000000001e58040
0x000000001229f8e0:   0000000001e65500 0000000000000b82
0x000000001229f8f0:   0000000000000000 0000000000000c00
0x000000001229f900:   0000000000000000 0000000000000000
0x000000001229f910:   0000000000000000 000000001a2b0000
0x000000001229f920:   0000000000000001 0000000000000001
0x000000001229f930:   0000acce64ff45a5 0000000001e658d8
0x000000001229f940:   0000000001e65500 00000000000003d8 

Instructions: (pc=0x0000000051764d08)
0x0000000051764ce8:   05 03 88 6d 00 49 c1 e8 03 49 d3 e8 41 0f b6 c0
0x0000000051764cf8:   49 c1 e8 06 24 3f 0f b6 d0 48 8b 05 18 88 6d 00
0x0000000051764d08:   4a 8b 0c c0 48 0f a3 d1 0f 82 59 01 00 00 0f b6
0x0000000051764d18:   15 8c f6 6c 00 84 d2 74 16 44 8b 43 08 8b 0d 1d 


Register to memory mapping:

RAX=0x00000000122a0000 is an unknown value
RBX=0x0000000000040000 is an unknown value
RCX=0x0000000000000000 is an unknown value
RDX=0x0000000000000000 is an unknown value
RSP=0x000000001229f850 is an unknown value
RBP=0x00000000d7aa0e00 is an oop

[error occurred during error reporting (printing register info), id 0xc0000005]

Stack: [0x00000000121a0000,0x00000000122a0000],  sp=0x000000001229f850,  free space=1022k
Native frames: (J=compiled Java code, j=interpreted, Vv=VM code, C=native code)
V  [jvm.dll+0x104d08]
V  [jvm.dll+0x10ab45]
V  [jvm.dll+0x3d70a0]
V  [jvm.dll+0x3d3dfc]
V  [jvm.dll+0x3d1b5e]
V  [jvm.dll+0x28576a]
C  [msvcr100.dll+0x21d9f]
C  [msvcr100.dll+0x21e3b]
C  [KERNEL32.DLL+0x13d2]
C  [ntdll.dll+0x15444]


---------------  P R O C E S S  ---------------

Java Threads: ( => current thread )
  0x000000001a2b0000 JavaThread "TimerQueue" daemon [_thread_blocked, id=5780, stack(0x000000001dbb0000,0x000000001dcb0000)]
  0x000000001a24e800 JavaThread "D3D Screen Updater" daemon [_thread_blocked, id=5904, stack(0x000000001cb50000,0x000000001cc50000)]
  0x000000001a235000 JavaThread "Image Fetcher 3" daemon [_thread_blocked, id=4680, stack(0x000000001bd00000,0x000000001be00000)]
  0x0000000001ffe800 JavaThread "DestroyJavaVM" [_thread_blocked, id=1352, stack(0x00000000005e0000,0x00000000006e0000)]
  0x000000001a1c0000 JavaThread "AWT-EventQueue-0" [_thread_blocked, id=1628, stack(0x000000001ad00000,0x000000001ae00000)]
  0x000000001a1ba800 JavaThread "AWT-Windows" daemon [_thread_blocked, id=7924, stack(0x000000001aa50000,0x000000001ab50000)]
  0x0000000019428000 JavaThread "AWT-Shutdown" [_thread_blocked, id=5764, stack(0x000000001a950000,0x000000001aa50000)]
  0x000000001a059800 JavaThread "Java2D Disposer" daemon [_thread_blocked, id=7400, stack(0x000000001a850000,0x000000001a950000)]
  0x0000000019107800 JavaThread "Service Thread" daemon [_thread_blocked, id=6312, stack(0x0000000019a50000,0x0000000019b50000)]
  0x0000000019085800 JavaThread "C1 CompilerThread3" daemon [_thread_blocked, id=7456, stack(0x0000000019950000,0x0000000019a50000)]
  0x0000000019080800 JavaThread "C2 CompilerThread2" daemon [_thread_blocked, id=5936, stack(0x0000000019850000,0x0000000019950000)]
  0x0000000019079000 JavaThread "C2 CompilerThread1" daemon [_thread_blocked, id=6044, stack(0x0000000019750000,0x0000000019850000)]
  0x0000000019077000 JavaThread "C2 CompilerThread0" daemon [_thread_blocked, id=5248, stack(0x0000000019650000,0x0000000019750000)]
  0x0000000019075000 JavaThread "Attach Listener" daemon [_thread_blocked, id=7928, stack(0x0000000019550000,0x0000000019650000)]
  0x0000000019074000 JavaThread "Signal Dispatcher" daemon [_thread_blocked, id=4560, stack(0x0000000019450000,0x0000000019550000)]
  0x0000000001f38800 JavaThread "Finalizer" daemon [_thread_blocked, id=8092, stack(0x0000000018f50000,0x0000000019050000)]
  0x000000001707c800 JavaThread "Reference Handler" daemon [_thread_blocked, id=5412, stack(0x0000000018e50000,0x0000000018f50000)]

Other Threads:
  0x0000000017078800 VMThread [stack: 0x0000000018d50000,0x0000000018e50000] [id=5368]
  0x000000001911a000 WatcherThread [stack: 0x0000000019b50000,0x0000000019c50000] [id=7732]

=>0x0000000001e65000 (exited) GCTaskThread [stack: 0x00000000121a0000,0x00000000122a0000] [id=7948]

VM state:at safepoint (normal execution)

VM Mutex/Monitor currently owned by a thread:  ([mutex/lock_event])
[0x0000000001ffd7c0] Threads_lock - owner thread: 0x0000000017078800
[0x0000000001ffdf40] Heap_lock - owner thread: 0x000000001a1c0000

Heap:
 PSYoungGen      total 38400K, used 4540K [0x00000000d5600000, 0x00000000da100000, 0x0000000100000000)
  eden space 33280K, 0% used [0x00000000d5600000,0x00000000d5600000,0x00000000d7680000)
  from space 5120K, 88% used [0x00000000d7680000,0x00000000d7aef220,0x00000000d7b80000)
  to   space 5120K, 0% used [0x00000000d9c00000,0x00000000d9c00000,0x00000000da100000)
 ParOldGen       total 87552K, used 29338K [0x0000000080200000, 0x0000000085780000, 0x00000000d5600000)
  object space 87552K, 33% used [0x0000000080200000,0x0000000081ea6b10,0x0000000085780000)
 Metaspace       used 20857K, capacity 21046K, committed 21296K, reserved 1069056K
  class space    used 2616K, capacity 2653K, committed 2688K, reserved 1048576K

Card table byte_map: [0x00000000113f0000,0x00000000117f0000] byte_map_base: 0x0000000010fef000

Marking Bits: (ParMarkBitMap*) 0x0000000051e3d4f0
 Begin Bits: [0x00000000122a0000, 0x0000000014298000)
 End Bits:   [0x0000000014298000, 0x0000000016290000)

Polling page: 0x00000000006e0000

CodeCache: size=245760Kb used=5701Kb max_used=5742Kb free=240058Kb
 bounds [0x0000000002030000, 0x00000000025d0000, 0x0000000011030000]
 total_blobs=2355 nmethods=1759 adapters=510
 compilation: enabled

Compilation events (10 events):
Event: 10.834 Thread 0x0000000019085800 1793       3       javax.swing.table.DefaultTableCellRenderer::firePropertyChange (52 bytes)
Event: 10.834 Thread 0x0000000019079000 1794   !   4       javax.swing.UIDefaults::getFromHashtable (239 bytes)
Event: 10.835 Thread 0x0000000019085800 nmethod 1793 0x00000000021d1290 code [0x00000000021d1420, 0x00000000021d1858]
Event: 10.835 Thread 0x0000000019085800 1795       3       java.awt.Component::setForeground (44 bytes)
Event: 10.835 Thread 0x0000000019085800 nmethod 1795 0x000000000227ad90 code [0x000000000227af40, 0x000000000227b6e8]
Event: 10.835 Thread 0x0000000019085800 1796       3       javax.swing.JComponent::setForeground (42 bytes)
Event: 10.838 Thread 0x0000000019085800 nmethod 1796 0x000000000236ead0 code [0x000000000236ecc0, 0x000000000236fc08]
Event: 10.838 Thread 0x0000000019085800 1797       3       java.util.Hashtable::rehash (142 bytes)
Event: 10.839 Thread 0x0000000019085800 nmethod 1797 0x000000000236e010 code [0x000000000236e1e0, 0x000000000236e828]
Event: 10.844 Thread 0x0000000019085800 1798       3       java.awt.AWTEventMulticaster::addInternal (22 bytes)

GC Heap History (7 events):
Event: 3.352 GC heap before
{Heap before GC invocations=1 (full 0):
 PSYoungGen      total 38400K, used 33280K [0x00000000d5600000, 0x00000000d8080000, 0x0000000100000000)
  eden space 33280K, 100% used [0x00000000d5600000,0x00000000d7680000,0x00000000d7680000)
  from space 5120K, 0% used [0x00000000d7b80000,0x00000000d7b80000,0x00000000d8080000)
  to   space 5120K, 0% used [0x00000000d7680000,0x00000000d7680000,0x00000000d7b80000)
 ParOldGen       total 87552K, used 0K [0x0000000080200000, 0x0000000085780000, 0x00000000d5600000)
  object space 87552K, 0% used [0x0000000080200000,0x0000000080200000,0x0000000085780000)
 Metaspace       used 16723K, capacity 16926K, committed 17280K, reserved 1064960K
  class space    used 2037K, capacity 2093K, committed 2176K, reserved 1048576K
Event: 3.359 GC heap after
Heap after GC invocations=1 (full 0):
 PSYoungGen      total 38400K, used 5113K [0x00000000d5600000, 0x00000000d8080000, 0x0000000100000000)
  eden space 33280K, 0% used [0x00000000d5600000,0x00000000d5600000,0x00000000d7680000)
  from space 5120K, 99% used [0x00000000d7680000,0x00000000d7b7e418,0x00000000d7b80000)
  to   space 5120K, 0% used [0x00000000d7b80000,0x00000000d7b80000,0x00000000d8080000)
 ParOldGen       total 87552K, used 741K [0x0000000080200000, 0x0000000085780000, 0x00000000d5600000)
  object space 87552K, 0% used [0x0000000080200000,0x00000000802b96e8,0x0000000085780000)
 Metaspace       used 16723K, capacity 16926K, committed 17280K, reserved 1064960K
  class space    used 2037K, capacity 2093K, committed 2176K, reserved 1048576K
}
Event: 10.795 GC heap before
{Heap before GC invocations=2 (full 0):
 PSYoungGen      total 38400K, used 38393K [0x00000000d5600000, 0x00000000d8080000, 0x0000000100000000)
  eden space 33280K, 100% used [0x00000000d5600000,0x00000000d7680000,0x00000000d7680000)
  from space 5120K, 99% used [0x00000000d7680000,0x00000000d7b7e418,0x00000000d7b80000)
  to   space 5120K, 0% used [0x00000000d7b80000,0x00000000d7b80000,0x00000000d8080000)
 ParOldGen       total 87552K, used 741K [0x0000000080200000, 0x0000000085780000, 0x00000000d5600000)
  object space 87552K, 0% used [0x0000000080200000,0x00000000802b96e8,0x0000000085780000)
 Metaspace       used 20647K, capacity 20918K, committed 21120K, reserved 1067008K
  class space    used 2593K, capacity 2653K, committed 2688K, reserved 1048576K
Event: 10.809 GC heap after
Heap after GC invocations=2 (full 0):
 PSYoungGen      total 38400K, used 5111K [0x00000000d5600000, 0x00000000d8080000, 0x0000000100000000)
  eden space 33280K, 0% used [0x00000000d5600000,0x00000000d5600000,0x00000000d7680000)
  from space 5120K, 99% used [0x00000000d7b80000,0x00000000d807ddb0,0x00000000d8080000)
  to   space 5120K, 0% used [0x00000000d7680000,0x00000000d7680000,0x00000000d7b80000)
 ParOldGen       total 87552K, used 29330K [0x0000000080200000, 0x0000000085780000, 0x00000000d5600000)
  object space 87552K, 33% used [0x0000000080200000,0x0000000081ea4b10,0x0000000085780000)
 Metaspace       used 20647K, capacity 20918K, committed 21120K, reserved 1067008K
  class space    used 2593K, capacity 2653K, committed 2688K, reserved 1048576K
}
Event: 10.845 GC heap before
{Heap before GC invocations=3 (full 0):
 PSYoungGen      total 38400K, used 6825K [0x00000000d5600000, 0x00000000d8080000, 0x0000000100000000)
  eden space 33280K, 5% used [0x00000000d5600000,0x00000000d57ac6f8,0x00000000d7680000)
  from space 5120K, 99% used [0x00000000d7b80000,0x00000000d807ddb0,0x00000000d8080000)
  to   space 5120K, 0% used [0x00000000d7680000,0x00000000d7680000,0x00000000d7b80000)
 ParOldGen       total 87552K, used 29330K [0x0000000080200000, 0x0000000085780000, 0x00000000d5600000)
  object space 87552K, 33% used [0x0000000080200000,0x0000000081ea4b10,0x0000000085780000)
 Metaspace       used 20857K, capacity 21046K, committed 21296K, reserved 1069056K
  class space    used 2616K, capacity 2653K, committed 2688K, reserved 1048576K
Event: 10.849 GC heap after
Heap after GC invocations=3 (full 0):
 PSYoungGen      total 38400K, used 4540K [0x00000000d5600000, 0x00000000da100000, 0x0000000100000000)
  eden space 33280K, 0% used [0x00000000d5600000,0x00000000d5600000,0x00000000d7680000)
  from space 5120K, 88% used [0x00000000d7680000,0x00000000d7aef220,0x00000000d7b80000)
  to   space 5120K, 0% used [0x00000000d9c00000,0x00000000d9c00000,0x00000000da100000)
 ParOldGen       total 87552K, used 29338K [0x0000000080200000, 0x0000000085780000, 0x00000000d5600000)
  object space 87552K, 33% used [0x0000000080200000,0x0000000081ea6b10,0x0000000085780000)
 Metaspace       used 20857K, capacity 21046K, committed 21296K, reserved 1069056K
  class space    used 2616K, capacity 2653K, committed 2688K, reserved 1048576K
}
Event: 10.849 GC heap before
{Heap before GC invocations=4 (full 1):
 PSYoungGen      total 38400K, used 4540K [0x00000000d5600000, 0x00000000da100000, 0x0000000100000000)
  eden space 33280K, 0% used [0x00000000d5600000,0x00000000d5600000,0x00000000d7680000)
  from space 5120K, 88% used [0x00000000d7680000,0x00000000d7aef220,0x00000000d7b80000)
  to   space 5120K, 0% used [0x00000000d9c00000,0x00000000d9c00000,0x00000000da100000)
 ParOldGen       total 87552K, used 29338K [0x0000000080200000, 0x0000000085780000, 0x00000000d5600000)
  object space 87552K, 33% used [0x0000000080200000,0x0000000081ea6b10,0x0000000085780000)
 Metaspace       used 20857K, capacity 21046K, committed 21296K, reserved 1069056K
  class space    used 2616K, capacity 2653K, committed 2688K, reserved 1048576K

Deoptimization events (10 events):
Event: 3.119 Thread 0x000000001a1c0000 Uncommon trap: reason=unloaded action=reinterpret pc=0x00000000022b67c4 method=sun.text.normalizer.Trie.getCodePointOffset(I)I @ 41
Event: 3.135 Thread 0x000000001a1c0000 Uncommon trap: reason=unreached action=reinterpret pc=0x000000000229d948 method=java.util.Properties$LineReader.readLine()I @ 457
Event: 3.207 Thread 0x000000001a1c0000 Uncommon trap: reason=bimorphic action=maybe_recompile pc=0x00000000022b4f94 method=java.util.HashMap.putVal(ILjava/lang/Object;Ljava/lang/Object;ZZ)Ljava/lang/Object; @ 203
Event: 3.207 Thread 0x000000001a1c0000 Uncommon trap: reason=bimorphic action=maybe_recompile pc=0x00000000022b4f94 method=java.util.HashMap.putVal(ILjava/lang/Object;Ljava/lang/Object;ZZ)Ljava/lang/Object; @ 203
Event: 3.207 Thread 0x000000001a1c0000 Uncommon trap: reason=bimorphic action=maybe_recompile pc=0x00000000022b4f94 method=java.util.HashMap.putVal(ILjava/lang/Object;Ljava/lang/Object;ZZ)Ljava/lang/Object; @ 203
Event: 3.207 Thread 0x000000001a1c0000 Uncommon trap: reason=bimorphic action=maybe_recompile pc=0x00000000022b4f94 method=java.util.HashMap.putVal(ILjava/lang/Object;Ljava/lang/Object;ZZ)Ljava/lang/Object; @ 203
Event: 3.312 Thread 0x000000001a1c0000 Uncommon trap: reason=class_check action=maybe_recompile pc=0x000000000233e9e8 method=java.util.HashMap.putVal(ILjava/lang/Object;Ljava/lang/Object;ZZ)Ljava/lang/Object; @ 253
Event: 3.312 Thread 0x000000001a1c0000 Uncommon trap: reason=class_check action=maybe_recompile pc=0x000000000233e9e8 method=java.util.HashMap.putVal(ILjava/lang/Object;Ljava/lang/Object;ZZ)Ljava/lang/Object; @ 253
Event: 3.312 Thread 0x000000001a1c0000 Uncommon trap: reason=class_check action=maybe_recompile pc=0x000000000233e9e8 method=java.util.HashMap.putVal(ILjava/lang/Object;Ljava/lang/Object;ZZ)Ljava/lang/Object; @ 253
Event: 3.312 Thread 0x000000001a1c0000 Uncommon trap: reason=class_check action=maybe_recompile pc=0x000000000233e9e8 method=java.util.HashMap.putVal(ILjava/lang/Object;Ljava/lang/Object;ZZ)Ljava/lang/Object; @ 253

Internal exceptions (10 events):
Event: 8.776 Thread 0x000000001a1c0000 Exception <a 'java/security/PrivilegedActionException'> (0x00000000d7604460) thrown at [C:\workspace\8-2-build-windows-amd64-cygwin\jdk8u31\2394\hotspot\src\share\vm\prims\jvm.cpp, line 1312]
Event: 10.825 Thread 0x000000001a1c0000 Exception <a 'java/security/PrivilegedActionException'> (0x00000000d56970e8) thrown at [C:\workspace\8-2-build-windows-amd64-cygwin\jdk8u31\2394\hotspot\src\share\vm\prims\jvm.cpp, line 1312]
Event: 10.826 Thread 0x000000001a1c0000 Exception <a 'java/security/PrivilegedActionException'> (0x00000000d56a1158) thrown at [C:\workspace\8-2-build-windows-amd64-cygwin\jdk8u31\2394\hotspot\src\share\vm\prims\jvm.cpp, line 1312]
Event: 10.827 Thread 0x000000001a1c0000 Exception <a 'java/security/PrivilegedActionException'> (0x00000000d56aa678) thrown at [C:\workspace\8-2-build-windows-amd64-cygwin\jdk8u31\2394\hotspot\src\share\vm\prims\jvm.cpp, line 1312]
Event: 10.829 Thread 0x000000001a1c0000 Exception <a 'java/security/PrivilegedActionException'> (0x00000000d56b3430) thrown at [C:\workspace\8-2-build-windows-amd64-cygwin\jdk8u31\2394\hotspot\src\share\vm\prims\jvm.cpp, line 1312]
Event: 10.839 Thread 0x000000001a1c0000 Exception <a 'java/security/PrivilegedActionException'> (0x00000000d5741ff8) thrown at [C:\workspace\8-2-build-windows-amd64-cygwin\jdk8u31\2394\hotspot\src\share\vm\prims\jvm.cpp, line 1312]
Event: 10.840 Thread 0x000000001a1c0000 Exception <a 'java/security/PrivilegedActionException'> (0x00000000d57484e8) thrown at [C:\workspace\8-2-build-windows-amd64-cygwin\jdk8u31\2394\hotspot\src\share\vm\prims\jvm.cpp, line 1312]
Event: 10.843 Thread 0x000000001a1c0000 Exception <a 'java/security/PrivilegedActionException'> (0x00000000d5751d38) thrown at [C:\workspace\8-2-build-windows-amd64-cygwin\jdk8u31\2394\hotspot\src\share\vm\prims\jvm.cpp, line 1312]
Event: 10.843 Thread 0x000000001a1c0000 Exception <a 'java/security/PrivilegedActionException'> (0x00000000d5758028) thrown at [C:\workspace\8-2-build-windows-amd64-cygwin\jdk8u31\2394\hotspot\src\share\vm\prims\jvm.cpp, line 1312]
Event: 10.844 Thread 0x000000001a1c0000 Exception <a 'java/security/PrivilegedActionException'> (0x00000000d575e458) thrown at [C:\workspace\8-2-build-windows-amd64-cygwin\jdk8u31\2394\hotspot\src\share\vm\prims\jvm.cpp, line 1312]

Events (10 events):
Event: 10.843 Executing VM operation: RevokeBias
Event: 10.843 Executing VM operation: RevokeBias done
Event: 10.843 loading class umsa/capricornio/gui/transacciones/Adquisiciones/tramites/FrmAdquisiciones$3
Event: 10.843 loading class umsa/capricornio/gui/transacciones/Adquisiciones/tramites/FrmAdquisiciones$3 done
Event: 10.843 loading class umsa/capricornio/gui/transacciones/Adquisiciones/tramites/FrmAdquisiciones$4
Event: 10.843 loading class umsa/capricornio/gui/transacciones/Adquisiciones/tramites/FrmAdquisiciones$4 done
Event: 10.844 loading class umsa/capricornio/gui/transacciones/Adquisiciones/tramites/FrmAdquisiciones$5
Event: 10.844 loading class umsa/capricornio/gui/transacciones/Adquisiciones/tramites/FrmAdquisiciones$5 done
Event: 10.844 loading class javax/swing/BorderFactory
Event: 10.845 Executing VM operation: CollectForMetadataAllocation


Dynamic libraries:
0x00007ff76af50000 - 0x00007ff76af84000 	C:\Program Files\Java\jdk1.8.0_31\jre\bin\java.exe
0x00007ffa4bf60000 - 0x00007ffa4c10c000 	C:\Windows\SYSTEM32\ntdll.dll
0x00007ffa4b2d0000 - 0x00007ffa4b40e000 	C:\Windows\system32\KERNEL32.DLL
0x00007ffa49280000 - 0x00007ffa49395000 	C:\Windows\system32\KERNELBASE.dll
0x00007ffa47c60000 - 0x00007ffa47cee000 	C:\Windows\system32\apphelp.dll
0x00007ffa40f00000 - 0x00007ffa40f53000 	C:\Windows\AppPatch\AppPatch64\AcGenral.DLL
0x00007ffa49870000 - 0x00007ffa4991a000 	C:\Windows\system32\msvcrt.dll
0x00007ffa48e70000 - 0x00007ffa48e9e000 	C:\Windows\SYSTEM32\SspiCli.dll
0x00007ffa4b430000 - 0x00007ffa4b484000 	C:\Windows\system32\SHLWAPI.dll
0x00007ffa4bd10000 - 0x00007ffa4be87000 	C:\Windows\system32\USER32.dll
0x00007ffa49920000 - 0x00007ffa49ab4000 	C:\Windows\system32\ole32.dll
0x00007ffa49ac0000 - 0x00007ffa4afd8000 	C:\Windows\system32\SHELL32.dll
0x00007ffa48650000 - 0x00007ffa48671000 	C:\Windows\SYSTEM32\USERENV.dll
0x00007ffa4b9c0000 - 0x00007ffa4ba6a000 	C:\Windows\system32\ADVAPI32.dll
0x00007ffa41e70000 - 0x00007ffa41e8e000 	C:\Windows\SYSTEM32\MPR.dll
0x00007ffa4b0a0000 - 0x00007ffa4b1e1000 	C:\Windows\system32\RPCRT4.dll
0x00007ffa4ba70000 - 0x00007ffa4bac9000 	C:\Windows\SYSTEM32\sechost.dll
0x00007ffa4b640000 - 0x00007ffa4b851000 	C:\Windows\SYSTEM32\combase.dll
0x00007ffa4b860000 - 0x00007ffa4b9b1000 	C:\Windows\system32\GDI32.dll
0x00007ffa490b0000 - 0x00007ffa490c5000 	C:\Windows\SYSTEM32\profapi.dll
0x00007ffa471d0000 - 0x00007ffa47282000 	C:\Windows\SYSTEM32\SHCORE.dll
0x00007ffa4b490000 - 0x00007ffa4b4c6000 	C:\Windows\system32\IMM32.DLL
0x00007ffa4b4e0000 - 0x00007ffa4b632000 	C:\Windows\system32\MSCTF.dll
0x00007ffa45970000 - 0x00007ffa45bea000 	C:\Windows\WinSxS\amd64_microsoft.windows.common-controls_6595b64144ccf1df_6.0.9600.17810_none_6240b9c7ecbd0bda\COMCTL32.dll
0x0000000051580000 - 0x0000000051652000 	C:\Program Files\Java\jdk1.8.0_31\jre\bin\msvcr100.dll
0x0000000051660000 - 0x0000000051eba000 	C:\Program Files\Java\jdk1.8.0_31\jre\bin\server\jvm.dll
0x00007ffa43ae0000 - 0x00007ffa43ae9000 	C:\Windows\SYSTEM32\WSOCK32.dll
0x00007ffa43610000 - 0x00007ffa43632000 	C:\Windows\SYSTEM32\WINMM.dll
0x00007ffa4be90000 - 0x00007ffa4be97000 	C:\Windows\system32\PSAPI.DLL
0x00007ffa4bad0000 - 0x00007ffa4bb2a000 	C:\Windows\system32\WS2_32.dll
0x00007ffa435e0000 - 0x00007ffa4360a000 	C:\Windows\SYSTEM32\WINMMBASE.dll
0x00007ffa49790000 - 0x00007ffa49799000 	C:\Windows\system32\NSI.dll
0x00007ffa49180000 - 0x00007ffa491cf000 	C:\Windows\SYSTEM32\cfgmgr32.dll
0x00007ffa47eb0000 - 0x00007ffa47ed8000 	C:\Windows\SYSTEM32\DEVOBJ.dll
0x0000000051530000 - 0x000000005153f000 	C:\Program Files\Java\jdk1.8.0_31\jre\bin\verify.dll
0x0000000051500000 - 0x0000000051528000 	C:\Program Files\Java\jdk1.8.0_31\jre\bin\java.dll
0x00000000514e0000 - 0x00000000514f6000 	C:\Program Files\Java\jdk1.8.0_31\jre\bin\zip.dll
0x00000000512c0000 - 0x0000000051458000 	C:\Program Files\Java\jdk1.8.0_31\jre\bin\awt.dll
0x00007ffa4b1f0000 - 0x00007ffa4b2b1000 	C:\Windows\system32\OLEAUT32.dll
0x00007ffa47d30000 - 0x00007ffa47e59000 	C:\Windows\system32\uxtheme.dll
0x00007ffa46fd0000 - 0x00007ffa46ff1000 	C:\Windows\system32\dwmapi.dll
0x00007ffa47c50000 - 0x00007ffa47c5b000 	C:\Windows\SYSTEM32\kernel.appcore.dll
0x00007ffa48f20000 - 0x00007ffa48f2b000 	C:\Windows\SYSTEM32\CRYPTBASE.dll
0x00007ffa48eb0000 - 0x00007ffa48f13000 	C:\Windows\SYSTEM32\bcryptPrimitives.dll
0x00007ffa3a9f0000 - 0x00007ffa3ac11000 	C:\Windows\system32\d3d9.dll
0x00007ffa43ad0000 - 0x00007ffa43ada000 	C:\Windows\SYSTEM32\VERSION.dll
0x00007ffa46340000 - 0x00007ffa4659f000 	C:\Windows\SYSTEM32\d3d10warp.dll
0x0000000050590000 - 0x00000000505c1000 	C:\Program Files\Java\jdk1.8.0_31\jre\bin\jpeg.dll
0x0000000051270000 - 0x00000000512b7000 	C:\Program Files\Java\jdk1.8.0_31\jre\bin\fontmanager.dll
0x00007ffa4bea0000 - 0x00007ffa4bf56000 	C:\Windows\SYSTEM32\clbcatq.dll
0x00007ffa45d20000 - 0x00007ffa45ece000 	C:\Windows\SYSTEM32\WindowsCodecs.dll
0x00007ffa48920000 - 0x00007ffa48940000 	C:\Windows\SYSTEM32\CRYPTSP.dll
0x00007ffa48540000 - 0x00007ffa48576000 	C:\Windows\system32\rsaenh.dll
0x00007ffa48b70000 - 0x00007ffa48b96000 	C:\Windows\SYSTEM32\bcrypt.dll
0x00000000514c0000 - 0x00000000514da000 	C:\Program Files\Java\jdk1.8.0_31\jre\bin\net.dll
0x00007ffa488c0000 - 0x00007ffa48919000 	C:\Windows\system32\mswsock.dll
0x00000000514a0000 - 0x00000000514b1000 	C:\Program Files\Java\jdk1.8.0_31\jre\bin\nio.dll
0x0000000051220000 - 0x0000000051261000 	C:\Program Files\Java\jdk1.8.0_31\jre\bin\t2k.dll
0x00007ffa452e0000 - 0x00007ffa4530a000 	C:\Windows\SYSTEM32\IPHLPAPI.DLL
0x00007ffa452c0000 - 0x00007ffa452ca000 	C:\Windows\SYSTEM32\WINNSI.DLL
0x00007ffa45080000 - 0x00007ffa45096000 	C:\Windows\SYSTEM32\dhcpcsvc6.DLL
0x00007ffa45050000 - 0x00007ffa4506a000 	C:\Windows\SYSTEM32\dhcpcsvc.DLL
0x00007ffa3c830000 - 0x00007ffa3c9b9000 	C:\Windows\SYSTEM32\dbghelp.dll

VM Arguments:
jvm_args: -Xbootclasspath/p:F:\git\tercer git\capricornio1.0\${libs.JAX-WS-ENDORSED.classpath} -Dfile.encoding=UTF-8 
java_command: umsa.capricornio.gui.inicio.FrmUsuarioIng
java_class_path (initial): C:\opt\lib-capricornio\nachocalendar-0.23.jar;C:\opt\lib-capricornio\syntheticaBlackStar.jar;C:\Program Files\NetBeans 8.0\java\modules\ext\AbsoluteLayout.jar;C:\opt\axis-1.4\lib\activation.jar;C:\opt\axis-1.4\lib\axis-ant.jar;C:\opt\axis-1.4\lib\axis.jar;C:\opt\axis-1.4\lib\commons-discovery-0.2.jar;C:\opt\axis-1.4\lib\commons-logging-1.0.4.jar;C:\opt\axis-1.4\lib\jaxrpc.jar;C:\opt\axis-1.4\lib\log4j-1.2.8.jar;C:\opt\axis-1.4\lib\mail.jar;C:\opt\axis-1.4\lib\ojdbc14.jar;C:\opt\axis-1.4\lib\ojdbc7.jar;C:\opt\axis-1.4\lib\saaj.jar;C:\opt\axis-1.4\lib\wsdl4j-1.5.1.jar;C:\opt\lib-capricornio\Jasper\commons-beanutils-1.8.2.jar;C:\opt\lib-capricornio\Jasper\commons-collections-3.2.1.jar;C:\opt\lib-capricornio\Jasper\commons-digester-1.7.jar;C:\opt\lib-capricornio\Jasper\commons-javaflow-20060411.jar;C:\opt\lib-capricornio\Jasper\commons-logging-1.1.jar;C:\opt\lib-capricornio\Jasper\groovy-all-1.7.5.jar;C:\opt\lib-capricornio\Jasper\iText-2.1.7.jar;C:\opt\lib-capricornio\Jasper\jasperreports-3.7.6.jar;C:\opt\lib-capricornio\Jasper\jasperreports-fonts-3.7.6.jar;C:\opt\lib-capricornio\Jasper\png-encoder-1.5.jar;C:\opt\lib-capricornio\Jasper\poi-3.6-20091214.jar;C:\opt\lib-capricornio\hessian-4.0.37.jar;C:\opt\lib-capricornio\ojdbc7.jar;F:\git\tercer git\capricornio1.0\build\classes
Launcher Type: SUN_STANDARD

Environment Variables:
JAVA_HOME=C:\Program Files\Java\jdk1.7.0_67\*
PATH=C:\ProgramData\Oracle\Java\javapath;C:\Windows\system32;C:\Windows;C:\Windows\System32\Wbem;C:\Windows\System32\WindowsPowerShell\v1.0\;C:\opt\lib-capricornio\Axis1.4\activation.jar;C:\opt\lib-capricornio\Axis1.4\axis.jar;C:\opt\lib-capricornio\Axis1.4\axis-ant.jar;C:\opt\lib-capricornio\Axis1.4\commons-discovery-0.2.jar;C:\opt\lib-capricornio\Axis1.4\commons-logging-1.0.4.jar;C:\opt\lib-capricornio\Axis1.4\conexionOracleDB.jar;C:\opt\lib-capricornio\Axis1.4\jaxrpc.jar;C:\opt\lib-capricornio\Axis1.4\log4j-1.2.8.jar;C:\opt\lib-capricornio\Axis1.4\mail.jar;C:\opt\lib-capricornio\Axis1.4\ojdbc7.jar;C:\opt\lib-capricornio\Axis1.4\ojdbc14.jar;C:\opt\lib-capricornio\Axis1.4\saaj.jar;C:\opt\lib-capricornio\Axis1.4\tools.jar;C:\opt\lib-capricornio\Axis1.4\wsdl4j-1.5.1.jar;E:\jejeje\android-ndk-r9d;C:\Program Files (x86)\Skype\Phone\
USERNAME=alex
OS=Windows_NT
PROCESSOR_IDENTIFIER=Intel64 Family 6 Model 30 Stepping 5, GenuineIntel



---------------  S Y S T E M  ---------------

OS: Windows 8.1 , 64 bit Build 9600 

CPU:total 8 (4 cores per cpu, 2 threads per core) family 6 model 30 stepping 5, cmov, cx8, fxsr, mmx, sse, sse2, sse3, ssse3, sse4.1, sse4.2, popcnt, ht, tsc, tscinvbit

Memory: 4k page, physical 8378408k(1305776k free), swap 10676060k(2100440k free)

vm_info: Java HotSpot(TM) 64-Bit Server VM (25.31-b07) for windows-amd64 JRE (1.8.0_31-b13), built on Dec 17 2014 21:00:28 by "java_re" with MS VC++ 10.0 (VS2010)

time: Tue Jun 23 15:55:56 2015
elapsed time: 10 seconds (0d 0h 0m 10s)

